<?xml version="1.0" encoding="UTF-8"?>
<robot generator="Robot 7.4.1 (Python 3.14.2 on win32)" generated="2026-01-28T13:44:25.543074" rpa="false" schemaversion="5">
<suite id="s1" name="PROJECT ROBOT" source="C:\Users\User\Desktop\TI\QA\LUME_STACK_QA\DEVELOPMENT\STUDY\PROJECT_ROBOT">
<suite id="s1-s1" name="Test" source="C:\Users\User\Desktop\TI\QA\LUME_STACK_QA\DEVELOPMENT\STUDY\PROJECT_ROBOT\test">
<suite id="s1-s1-s1" name="Login Steps" source="C:\Users\User\Desktop\TI\QA\LUME_STACK_QA\DEVELOPMENT\STUDY\PROJECT_ROBOT\test\login_steps.robot">
<kw name="Open Browser" owner="SeleniumLibrary" type="SETUP">
<msg time="2026-01-28T13:44:25.714787" level="INFO">Opening browser 'chrome' to base url 'None'.</msg>
<arg>browser=chrome</arg>
<doc>Opens a new browser instance to the optional ``url``.</doc>
<status status="PASS" start="2026-01-28T13:44:25.714513" elapsed="0.515391"/>
</kw>
<test id="s1-s1-s1-t1" name="Unsuccessful Login - Empty Fields" line="20">
<kw name="I navigate to the login page" owner="login_keywords">
<kw name="Go To" owner="SeleniumLibrary">
<msg time="2026-01-28T13:44:26.233258" level="INFO">Opening url 'https://www.saucedemo.com'</msg>
<arg>${URL_DATA}[baseUrl]</arg>
<doc>Navigates the current browser window to the provided ``url``.</doc>
<status status="PASS" start="2026-01-28T13:44:26.233072" elapsed="0.424072"/>
</kw>
<status status="PASS" start="2026-01-28T13:44:26.232786" elapsed="0.424516"/>
</kw>
<kw name="I Input No Credentials" owner="login_keywords">
<kw name="Wait Until Element Is Visible" owner="SeleniumLibrary">
<arg>id=user-name</arg>
<doc>Waits until the element ``locator`` is visible.</doc>
<status status="PASS" start="2026-01-28T13:44:26.657881" elapsed="0.010093"/>
</kw>
<status status="PASS" start="2026-01-28T13:44:26.657563" elapsed="0.010551"/>
</kw>
<kw name="I Click on the Login Button" owner="login_keywords">
<kw name="Click Button" owner="SeleniumLibrary">
<msg time="2026-01-28T13:44:26.668834" level="INFO">Clicking button 'id=login-button'.</msg>
<arg>id=login-button</arg>
<doc>Clicks the button identified by ``locator``.</doc>
<status status="PASS" start="2026-01-28T13:44:26.668646" elapsed="0.037238"/>
</kw>
<status status="PASS" start="2026-01-28T13:44:26.668382" elapsed="0.037651"/>
</kw>
<kw name="I See No Credentials Error Message" owner="login_keywords">
<kw name="Element Should Contain" owner="SeleniumLibrary">
<msg time="2026-01-28T13:44:26.717535" level="INFO">Element 'css=.error-message-container' contains text 'Epic sadface: Username is required'.</msg>
<arg>css=.error-message-container</arg>
<arg>${ERROR_MESSAGES}[noCredentials]</arg>
<doc>Verifies that element ``locator`` contains text ``expected``.</doc>
<status status="PASS" start="2026-01-28T13:44:26.706567" elapsed="0.011132"/>
</kw>
<status status="PASS" start="2026-01-28T13:44:26.706296" elapsed="0.011515"/>
</kw>
<doc>Test an unsuccessful login scenario with empty fields.</doc>
<status status="PASS" start="2026-01-28T13:44:26.230093" elapsed="0.487944"/>
</test>
<kw name="Close All Browsers" owner="SeleniumLibrary" type="TEARDOWN">
<doc>Closes all open browsers and resets the browser cache.</doc>
<status status="PASS" start="2026-01-28T13:44:26.721223" elapsed="2.091927"/>
</kw>
<status status="PASS" start="2026-01-28T13:44:25.567807" elapsed="3.245487"/>
</suite>
<status status="PASS" start="2026-01-28T13:44:25.565332" elapsed="3.251783"/>
</suite>
<status status="PASS" start="2026-01-28T13:44:25.545985" elapsed="3.273817"/>
</suite>
<statistics>
<total>
<stat pass="1" fail="0" skip="0">All Tests</stat>
</total>
<tag>
</tag>
<suite>
<stat name="PROJECT ROBOT" id="s1" pass="1" fail="0" skip="0">PROJECT ROBOT</stat>
<stat name="Test" id="s1-s1" pass="1" fail="0" skip="0">PROJECT ROBOT.Test</stat>
<stat name="Login Steps" id="s1-s1-s1" pass="1" fail="0" skip="0">PROJECT ROBOT.Test.Login Steps</stat>
</suite>
</statistics>
<errors>
</errors>
</robot>
